This is pdfTeX, Version 3.14159265-2.6-1.40.19 (MiKTeX 2.9.6840 64-bit) (preloaded format=pdflatex 2018.12.25)  25 DEC 2018 16:26
entering extended mode
**"./Project CUDA - Report (5988117, 5988186, 5988195, 5988240).tex"
("Project CUDA - Report (5988117, 5988186, 5988195, 5988240).tex"
LaTeX2e <2018-04-01> patch level 5
("C:\Program Files\MiKTeX 2.9\tex\latex\base\article.cls"
Document Class: article 2014/09/29 v1.4h Standard LaTeX document class
("C:\Program Files\MiKTeX 2.9\tex\latex\base\size11.clo"
File: size11.clo 2014/09/29 v1.4h Standard LaTeX file (size option)
)
\c@part=\count80
\c@section=\count81
\c@subsection=\count82
\c@subsubsection=\count83
\c@paragraph=\count84
\c@subparagraph=\count85
\c@figure=\count86
\c@table=\count87
\abovecaptionskip=\skip41
\belowcaptionskip=\skip42
\bibindent=\dimen102
)
("C:\Program Files\MiKTeX 2.9\tex\latex\geometry\geometry.sty"
Package: geometry 2018/04/16 v5.8 Page Geometry

("C:\Program Files\MiKTeX 2.9\tex\latex\graphics\keyval.sty"
Package: keyval 2014/10/28 v1.15 key=value parser (DPC)
\KV@toks@=\toks14
)
("C:\Program Files\MiKTeX 2.9\tex\generic\oberdiek\ifpdf.sty"
Package: ifpdf 2018/09/07 v3.3 Provides the ifpdf switch
)
("C:\Program Files\MiKTeX 2.9\tex\generic\oberdiek\ifvtex.sty"
Package: ifvtex 2016/05/16 v1.6 Detect VTeX and its facilities (HO)
Package ifvtex Info: VTeX not detected.
)
("C:\Program Files\MiKTeX 2.9\tex\generic\ifxetex\ifxetex.sty"
Package: ifxetex 2010/09/12 v0.6 Provides ifxetex conditional
)
\Gm@cnth=\count88
\Gm@cntv=\count89
\c@Gm@tempcnt=\count90
\Gm@bindingoffset=\dimen103
\Gm@wd@mp=\dimen104
\Gm@odd@mp=\dimen105
\Gm@even@mp=\dimen106
\Gm@layoutwidth=\dimen107
\Gm@layoutheight=\dimen108
\Gm@layouthoffset=\dimen109
\Gm@layoutvoffset=\dimen110
\Gm@dimlist=\toks15

("C:\Program Files\MiKTeX 2.9\tex\latex\geometry\geometry.cfg"))
("C:\Program Files\MiKTeX 2.9\tex\latex\fancyhdr\fancyhdr.sty"
Package: fancyhdr 2017/06/30 v3.9a Extensive control of page headers and footer
s
\f@nch@headwidth=\skip43
\f@nch@O@elh=\skip44
\f@nch@O@erh=\skip45
\f@nch@O@olh=\skip46
\f@nch@O@orh=\skip47
\f@nch@O@elf=\skip48
\f@nch@O@erf=\skip49
\f@nch@O@olf=\skip50
\f@nch@O@orf=\skip51
)
("C:\Program Files\MiKTeX 2.9\tex\latex\hyperref\hyperref.sty"
Package: hyperref 2018/09/30 v6.88a Hypertext links for LaTeX

("C:\Program Files\MiKTeX 2.9\tex\generic\oberdiek\hobsub-hyperref.sty"
Package: hobsub-hyperref 2016/05/16 v1.14 Bundle oberdiek, subset hyperref (HO)


("C:\Program Files\MiKTeX 2.9\tex\generic\oberdiek\hobsub-generic.sty"
Package: hobsub-generic 2016/05/16 v1.14 Bundle oberdiek, subset generic (HO)
Package: hobsub 2016/05/16 v1.14 Construct package bundles (HO)
Package: infwarerr 2016/05/16 v1.4 Providing info/warning/error messages (HO)
Package: ltxcmds 2016/05/16 v1.23 LaTeX kernel commands for general use (HO)
Package: ifluatex 2016/05/16 v1.4 Provides the ifluatex switch (HO)
Package ifluatex Info: LuaTeX not detected.
Package hobsub Info: Skipping package `ifvtex' (already loaded).
Package: intcalc 2016/05/16 v1.2 Expandable calculations with integers (HO)
Package hobsub Info: Skipping package `ifpdf' (already loaded).
Package: etexcmds 2016/05/16 v1.6 Avoid name clashes with e-TeX commands (HO)
Package etexcmds Info: Could not find \expanded.
(etexcmds)             That can mean that you are not using pdfTeX 1.50 or
(etexcmds)             that some package has redefined \expanded.
(etexcmds)             In the latter case, load this package earlier.
Package: kvsetkeys 2016/05/16 v1.17 Key value parser (HO)
Package: kvdefinekeys 2016/05/16 v1.4 Define keys (HO)
Package: pdftexcmds 2018/09/10 v0.29 Utility functions of pdfTeX for LuaTeX (HO
)
Package pdftexcmds Info: LuaTeX not detected.
Package pdftexcmds Info: \pdf@primitive is available.
Package pdftexcmds Info: \pdf@ifprimitive is available.
Package pdftexcmds Info: \pdfdraftmode found.
Package: pdfescape 2016/05/16 v1.14 Implements pdfTeX's escape features (HO)
Package: bigintcalc 2016/05/16 v1.4 Expandable calculations on big integers (HO
)
Package: bitset 2016/05/16 v1.2 Handle bit-vector datatype (HO)
Package: uniquecounter 2016/05/16 v1.3 Provide unlimited unique counter (HO)
)
Package hobsub Info: Skipping package `hobsub' (already loaded).
Package: letltxmacro 2016/05/16 v1.5 Let assignment for LaTeX macros (HO)
Package: hopatch 2016/05/16 v1.3 Wrapper for package hooks (HO)
Package: xcolor-patch 2016/05/16 xcolor patch
Package: atveryend 2016/05/16 v1.9 Hooks at the very end of document (HO)
Package atveryend Info: \enddocument detected (standard20110627).
Package: atbegshi 2016/06/09 v1.18 At begin shipout hook (HO)
Package: refcount 2016/05/16 v3.5 Data extraction from label references (HO)
Package: hycolor 2016/05/16 v1.8 Color options for hyperref/bookmark (HO)
)
("C:\Program Files\MiKTeX 2.9\tex\latex\oberdiek\auxhook.sty"
Package: auxhook 2016/05/16 v1.4 Hooks for auxiliary files (HO)
)
("C:\Program Files\MiKTeX 2.9\tex\latex\oberdiek\kvoptions.sty"
Package: kvoptions 2016/05/16 v3.12 Key value format for package options (HO)
)
\@linkdim=\dimen111
\Hy@linkcounter=\count91
\Hy@pagecounter=\count92

("C:\Program Files\MiKTeX 2.9\tex\latex\hyperref\pd1enc.def"
File: pd1enc.def 2018/09/30 v6.88a Hyperref: PDFDocEncoding definition (HO)
Now handling font encoding PD1 ...
... no UTF-8 mapping file for font encoding PD1
)
\Hy@SavedSpaceFactor=\count93

("C:\Program Files\MiKTeX 2.9\tex\latex\00miktex\hyperref.cfg"
File: hyperref.cfg 2002/06/06 v1.2 hyperref configuration of TeXLive
)
Package hyperref Info: Option `colorlinks' set `true' on input line 4409.
Package hyperref Info: Hyper figures OFF on input line 4535.
Package hyperref Info: Link nesting OFF on input line 4540.
Package hyperref Info: Hyper index ON on input line 4543.
Package hyperref Info: Plain pages OFF on input line 4550.
Package hyperref Info: Backreferencing OFF on input line 4555.
Package hyperref Info: Implicit mode ON; LaTeX internals redefined.
Package hyperref Info: Bookmarks ON on input line 4788.
\c@Hy@tempcnt=\count94

("C:\Program Files\MiKTeX 2.9\tex\latex\url\url.sty"
\Urlmuskip=\muskip10
Package: url 2013/09/16  ver 3.4  Verb mode for urls, etc.
)
LaTeX Info: Redefining \url on input line 5141.
\XeTeXLinkMargin=\dimen112
\Fld@menulength=\count95
\Field@Width=\dimen113
\Fld@charsize=\dimen114
Package hyperref Info: Hyper figures OFF on input line 6396.
Package hyperref Info: Link nesting OFF on input line 6401.
Package hyperref Info: Hyper index ON on input line 6404.
Package hyperref Info: backreferencing OFF on input line 6411.
Package hyperref Info: Link coloring ON on input line 6414.
Package hyperref Info: Link coloring with OCG OFF on input line 6421.
Package hyperref Info: PDF/A mode OFF on input line 6426.
LaTeX Info: Redefining \ref on input line 6466.
LaTeX Info: Redefining \pageref on input line 6470.
\Hy@abspage=\count96
\c@Item=\count97
\c@Hfootnote=\count98
)
Package hyperref Info: Driver (autodetected): hpdftex.

("C:\Program Files\MiKTeX 2.9\tex\latex\hyperref\hpdftex.def"
File: hpdftex.def 2018/09/30 v6.88a Hyperref driver for pdfTeX
\Fld@listcount=\count99
\c@bookmark@seq@number=\count100

("C:\Program Files\MiKTeX 2.9\tex\latex\oberdiek\rerunfilecheck.sty"
Package: rerunfilecheck 2016/05/16 v1.8 Rerun checks for auxiliary files (HO)
Package uniquecounter Info: New unique counter `rerunfilecheck' on input line 2
82.
)
\Hy@SectionHShift=\skip52
)
("C:\Program Files\MiKTeX 2.9\tex\latex\graphics\graphicx.sty"
Package: graphicx 2017/06/01 v1.1a Enhanced LaTeX Graphics (DPC,SPQR)

("C:\Program Files\MiKTeX 2.9\tex\latex\graphics\graphics.sty"
Package: graphics 2017/06/25 v1.2c Standard LaTeX Graphics (DPC,SPQR)

("C:\Program Files\MiKTeX 2.9\tex\latex\graphics\trig.sty"
Package: trig 2016/01/03 v1.10 sin cos tan (DPC)
)
("C:\Program Files\MiKTeX 2.9\tex\latex\graphics-cfg\graphics.cfg"
File: graphics.cfg 2016/06/04 v1.11 sample graphics configuration
)
Package graphics Info: Driver file: pdftex.def on input line 99.

("C:\Program Files\MiKTeX 2.9\tex\latex\graphics-def\pdftex.def"
File: pdftex.def 2018/01/08 v1.0l Graphics/color driver for pdftex
))
\Gin@req@height=\dimen115
\Gin@req@width=\dimen116
)
("C:\Program Files\MiKTeX 2.9\tex\latex\listings\listings.sty"
\lst@mode=\count101
\lst@gtempboxa=\box26
\lst@token=\toks16
\lst@length=\count102
\lst@currlwidth=\dimen117
\lst@column=\count103
\lst@pos=\count104
\lst@lostspace=\dimen118
\lst@width=\dimen119
\lst@newlines=\count105
\lst@lineno=\count106
\lst@maxwidth=\dimen120

("C:\Program Files\MiKTeX 2.9\tex\latex\listings\lstmisc.sty"
File: lstmisc.sty 2018/09/02 1.7 (Carsten Heinz)
\c@lstnumber=\count107
\lst@skipnumbers=\count108
\lst@framebox=\box27
)
("C:\Program Files\MiKTeX 2.9\tex\latex\listings\listings.cfg"
File: listings.cfg 2018/09/02 1.7 listings configuration
))
Package: listings 2018/09/02 1.7 (Carsten Heinz)

("Project CUDA - Report (5988117, 5988186, 5988195, 5988240).aux")
\openout1 = `"Project CUDA - Report (5988117, 5988186, 5988195, 5988240).aux"'.

LaTeX Font Info:    Checking defaults for OML/cmm/m/it on input line 18.
LaTeX Font Info:    ... okay on input line 18.
LaTeX Font Info:    Checking defaults for T1/cmr/m/n on input line 18.
LaTeX Font Info:    ... okay on input line 18.
LaTeX Font Info:    Checking defaults for OT1/cmr/m/n on input line 18.
LaTeX Font Info:    ... okay on input line 18.
LaTeX Font Info:    Checking defaults for OMS/cmsy/m/n on input line 18.
LaTeX Font Info:    ... okay on input line 18.
LaTeX Font Info:    Checking defaults for OMX/cmex/m/n on input line 18.
LaTeX Font Info:    ... okay on input line 18.
LaTeX Font Info:    Checking defaults for U/cmr/m/n on input line 18.
LaTeX Font Info:    ... okay on input line 18.
LaTeX Font Info:    Checking defaults for PD1/pdf/m/n on input line 18.
LaTeX Font Info:    ... okay on input line 18.

*geometry* driver: auto-detecting
*geometry* detected driver: pdftex
*geometry* verbose mode - [ preamble ] result:
* driver: pdftex
* paper: <default>
* layout: <same size as paper>
* layoutoffset:(h,v)=(0.0pt,0.0pt)
* modes: includefoot 
* h-part:(L,W,R)=(72.26999pt, 469.75502pt, 72.26999pt)
* v-part:(T,H,B)=(72.26999pt, 650.43001pt, 72.26999pt)
* \paperwidth=614.295pt
* \paperheight=794.96999pt
* \textwidth=469.75502pt
* \textheight=620.43001pt
* \oddsidemargin=0.0pt
* \evensidemargin=0.0pt
* \topmargin=-37.0pt
* \headheight=12.0pt
* \headsep=25.0pt
* \topskip=11.0pt
* \footskip=30.0pt
* \marginparwidth=59.0pt
* \marginparsep=10.0pt
* \columnsep=10.0pt
* \skip\footins=10.0pt plus 4.0pt minus 2.0pt
* \hoffset=0.0pt
* \voffset=0.0pt
* \mag=1000
* \@twocolumnfalse
* \@twosidefalse
* \@mparswitchfalse
* \@reversemarginfalse
* (1in=72.27pt=25.4mm, 1cm=28.453pt)

\AtBeginShipoutBox=\box28
("C:\Program Files\MiKTeX 2.9\tex\latex\graphics\color.sty"
Package: color 2016/07/10 v1.1e Standard LaTeX Color (DPC)

("C:\Program Files\MiKTeX 2.9\tex\latex\graphics-cfg\color.cfg"
File: color.cfg 2016/01/02 v1.6 sample color configuration
)
Package color Info: Driver file: pdftex.def on input line 147.
)
Package hyperref Info: Link coloring ON on input line 18.

("C:\Program Files\MiKTeX 2.9\tex\latex\hyperref\nameref.sty"
Package: nameref 2016/05/21 v2.44 Cross-referencing by name of section

("C:\Program Files\MiKTeX 2.9\tex\generic\oberdiek\gettitlestring.sty"
Package: gettitlestring 2016/05/16 v1.5 Cleanup title references (HO)
)
\c@section@level=\count109
)
LaTeX Info: Redefining \ref on input line 18.
LaTeX Info: Redefining \pageref on input line 18.
LaTeX Info: Redefining \nameref on input line 18.

("Project CUDA - Report (5988117, 5988186, 5988195, 5988240).out")
("Project CUDA - Report (5988117, 5988186, 5988195, 5988240).out")
\@outlinefile=\write3
\openout3 = `"Project CUDA - Report (5988117, 5988186, 5988195, 5988240).out"'.


("C:\Program Files\MiKTeX 2.9\tex\context\base\supp-pdf.mkii"
[Loading MPS to PDF converter (version 2006.09.02).]
\scratchcounter=\count110
\scratchdimen=\dimen121
\scratchbox=\box29
\nofMPsegments=\count111
\nofMParguments=\count112
\everyMPshowfont=\toks17
\MPscratchCnt=\count113
\MPscratchDim=\dimen122
\MPnumerator=\count114
\makeMPintoPDFobject=\count115
\everyMPtoPDFconversion=\toks18
) ("C:\Program Files\MiKTeX 2.9\tex\latex\oberdiek\epstopdf-base.sty"
Package: epstopdf-base 2016/05/15 v2.6 Base part for package epstopdf

("C:\Program Files\MiKTeX 2.9\tex\latex\oberdiek\grfext.sty"
Package: grfext 2016/05/16 v1.2 Manage graphics extensions (HO)
)
Package epstopdf-base Info: Redefining graphics rule for `.eps' on input line 4
38.
Package grfext Info: Graphics extension search list:
(grfext)             [.pdf,.png,.jpg,.mps,.jpeg,.jbig2,.jb2,.PDF,.PNG,.JPG,.JPE
G,.JBIG2,.JB2,.eps]
(grfext)             \AppendGraphicsExtensions on input line 456.
)
\c@lstlisting=\count116
<mu.png, id=51, 416.55624pt x 416.55624pt>
File: mu.png Graphic file (type png)
<use mu.png>
Package pdftex.def Info: mu.png  used on input line 51.
(pdftex.def)             Requested size: 145.79686pt x 145.79686pt.
 [1

{C:/Users/jibNKP/AppData/Local/MiKTeX/2.9/pdftex/config/pdftex.map} <./mu.png>]


Package Fancyhdr Warning: \headheight is too small (12.0pt): 
 Make it at least 13.59999pt.
 We now make it that large for the rest of the document.
 This may cause the page layout to be inconsistent, however.

pdfTeX warning (ext4): destination with the same identifier (name{page.1}) has 
been already used, duplicate ignored
<to be read again> 
                   \relax 
l.65 \newpage
              [1]
LaTeX Font Info:    External font `cmex10' loaded for size
(Font)              <10.95> on input line 70.
LaTeX Font Info:    External font `cmex10' loaded for size
(Font)              <8> on input line 70.
LaTeX Font Info:    External font `cmex10' loaded for size
(Font)              <6> on input line 70.

Overfull \hbox (7.38606pt too wide) in paragraph at lines 68--73
[][]$\OT1/cmtt/m/n/10.95 www . ibm . com / developerworks / community / blogs /
 jfp / entry / Installing _ PyCUDA _ On _ Anaconda _
 []


Overfull \hbox (37.1295pt too wide) in paragraph at lines 68--73
\OT1/cmtt/m/n/10.95 For _ Windows ? lang = en & fbclid = IwAR0P1 -[] BGoCtI _ t
VeT7BbndyprPOG -[] d08BkCstBf8P _ WQOUwkeAMrH1TaGDo$[][] 
 []

<cmd.png, id=69, 738.50906pt x 386.19281pt>
File: cmd.png Graphic file (type png)
<use cmd.png>
Package pdftex.def Info: cmd.png  used on input line 76.
(pdftex.def)             Requested size: 443.10886pt x 231.71745pt.
[2 <./cmd.png>]
<path1.png, id=80, 398.23781pt x 380.92313pt>
File: path1.png Graphic file (type png)
<use path1.png>
Package pdftex.def Info: path1.png  used on input line 89.
(pdftex.def)             Requested size: 232.9712pt x 222.84203pt.
<path2.png, id=81, 398.23781pt x 379.4175pt>
File: path2.png Graphic file (type png)
<use path2.png>
Package pdftex.def Info: path2.png  used on input line 90.
(pdftex.def)             Requested size: 232.9712pt x 221.96123pt.
 [3 <./path1.png> <./path2.png>]
<bgr1.png, id=99, 523.9575pt x 103.13531pt>
File: bgr1.png Graphic file (type png)
<use bgr1.png>
Package pdftex.def Info: bgr1.png  used on input line 110.
(pdftex.def)             Requested size: 366.76775pt x 72.1942pt.
<bgr2.png, id=100, 297.36093pt x 103.88812pt>
File: bgr2.png Graphic file (type png)
<use bgr2.png>
Package pdftex.def Info: bgr2.png  used on input line 119.
(pdftex.def)             Requested size: 208.15123pt x 72.72118pt.
<bgr3.png, id=102, 594.72188pt x 103.88812pt>
File: bgr3.png Graphic file (type png)
<use bgr3.png>
Package pdftex.def Info: bgr3.png  used on input line 128.
(pdftex.def)             Requested size: 416.30247pt x 72.72118pt.
 [4 <./bgr1.png> <./bgr2.png> <./bgr3.png>]
<add1.png, id=119, 348.55219pt x 103.88812pt>
File: add1.png Graphic file (type png)
<use add1.png>
Package pdftex.def Info: add1.png  used on input line 140.
(pdftex.def)             Requested size: 243.98485pt x 72.72118pt.
<add2.png, id=120, 263.48438pt x 141.52875pt>
File: add2.png Graphic file (type png)
<use add2.png>
Package pdftex.def Info: add2.png  used on input line 149.
(pdftex.def)             Requested size: 184.43779pt x 99.06944pt.
<add3.png, id=122, 599.23875pt x 117.43875pt>
File: add3.png Graphic file (type png)
<use add3.png>
Package pdftex.def Info: add3.png  used on input line 158.
(pdftex.def)             Requested size: 419.46426pt x 82.20654pt.
 [5 <./add1.png> <./add2.png> <./add3.png>]
<bgr.png, id=136, 341.77687pt x 179.92218pt>
File: bgr.png Graphic file (type png)
<use bgr.png>
Package pdftex.def Info: bgr.png  used on input line 170.
(pdftex.def)             Requested size: 341.77603pt x 179.92174pt.
<add.png, id=137, 341.02406pt x 192.72pt>
File: add.png Graphic file (type png)
<use add.png>
Package pdftex.def Info: add.png  used on input line 176.
(pdftex.def)             Requested size: 341.02322pt x 192.71951pt.
 [6 <./bgr.png> <./add.png>]
<out1.png, id=148, 774.64406pt x 409.53pt>
File: out1.png Graphic file (type png)
<use out1.png>
Package pdftex.def Info: out1.png  used on input line 187.
(pdftex.def)             Requested size: 379.5789pt x 200.67145pt.
<out2.png, id=149, 776.14969pt x 410.2828pt>
File: out2.png Graphic file (type png)
<use out2.png>
Package pdftex.def Info: out2.png  used on input line 193.
(pdftex.def)             Requested size: 380.31668pt x 201.04033pt.
 [7 <./out1.png> <./out2.png>]
<out3.png, id=159, 1162.3425pt x 411.03563pt>
File: out3.png Graphic file (type png)
<use out3.png>
Package pdftex.def Info: out3.png  used on input line 202.
(pdftex.def)             Requested size: 488.18053pt x 172.63377pt.

Overfull \hbox (18.4255pt too wide) in paragraph at lines 202--203
 [][] 
 []

<out4.png, id=160, 1163.84813pt x 413.29407pt>
File: out4.png Graphic file (type png)
<use out4.png>
Package pdftex.def Info: out4.png  used on input line 208.
(pdftex.def)             Requested size: 488.8129pt x 173.58232pt.

Overfull \hbox (19.05788pt too wide) in paragraph at lines 208--209
 [][] 
 []

[8 <./out3.png> <./out4.png>]
<out5.png, id=170, 475.7775pt x 53.44969pt>
File: out5.png Graphic file (type png)
<use out5.png>
Package pdftex.def Info: out5.png  used on input line 219.
(pdftex.def)             Requested size: 428.19577pt x 48.10425pt.
<out6.png, id=171, 435.87843pt x 50.43843pt>
File: out6.png Graphic file (type png)
<use out6.png>
Package pdftex.def Info: out6.png  used on input line 225.
(pdftex.def)             Requested size: 392.28696pt x 45.39415pt.
<out7.png, id=172, 499.8675pt x 51.19125pt>
File: out7.png Graphic file (type png)
<use out7.png>
Package pdftex.def Info: out7.png  used on input line 232.
(pdftex.def)             Requested size: 449.87659pt x 46.07169pt.
<out8.png, id=173, 475.7775pt x 51.19125pt>
File: out8.png Graphic file (type png)
<use out8.png>
Package pdftex.def Info: out8.png  used on input line 235.
(pdftex.def)             Requested size: 428.19577pt x 46.07169pt.
 [9 <./out5.png> <./out6.png> <./out7.png> <./out8.png>] [10]
Underfull \hbox (badness 10000) in paragraph at lines 252--254
[][]$\OT1/cmtt/m/n/10.95 https : / / www . ibm . com / developerworks / communi
ty / blogs / jfp / entry / Installing _
 []


Underfull \hbox (badness 10000) in paragraph at lines 252--254
\OT1/cmtt/m/n/10.95 PyCUDA _ On _ Anaconda _ For _ Windows ? lang = en & fbclid
 = IwAR0P1 -[] BGoCtI _ tVeT7BbndyprPOG -[]
 []


Underfull \hbox (badness 10000) in paragraph at lines 256--258
[][]$\OT1/cmtt/m/n/10.95 https : / / stackoverflow . com / questions / 35656239
 / how -[] do -[] i -[] time -[] script -[] execution -[]
 []


Underfull \hbox (badness 10000) in paragraph at lines 260--262
[][]$\OT1/cmtt/m/n/10.95 https : / / stackoverflow . com / questions / 12201577
 / how -[] can -[] i -[] convert -[] an -[] rgb -[] image -[]
 []


Underfull \hbox (badness 10000) in paragraph at lines 272--274
[][]$\OT1/cmtt/m/n/10.95 https : / / opencv -[] python -[] tutroals . readthedo
cs . io / en / latest / py _ tutorials / py _ core /
 []


Underfull \hbox (badness 10000) in paragraph at lines 276--278
[][]$\OT1/cmtt/m/n/10.95 https : / / stackoverflow . com / questions / 4970580 
/ processing -[] an -[] image -[]
 []


Underfull \hbox (badness 10000) in paragraph at lines 276--278
\OT1/cmtt/m/n/10.95 using -[] cuda -[] implementation -[] python -[] pycuda -[]
 or -[] c ? fbclid = IwAR0Z4tug1Hs7E _
 []

[11]
Overfull \hbox (50.4565pt too wide) in paragraph at lines 302--303
[][][][][][][][][][][][][][][][][][][][][][][][][][][][][][][][][][][][][][][][
][][][][][][][][][][][][] 
 []


Overfull \hbox (35.15616pt too wide) in paragraph at lines 320--322
[][][][][][][][][][][][][][][][][][][][][][][][][][][][][][][][][] 
 []

[12]
Overfull \hbox (40.25627pt too wide) in paragraph at lines 374--376
[][][][][][][][][][][][][][][][][][][][][][][][][][][][][][][][][] 
 []

[13] [14]
Package atveryend Info: Empty hook `BeforeClearDocument' on input line 431.
 [15]
Package atveryend Info: Empty hook `AfterLastShipout' on input line 431.
 ("Project CUDA - Report (5988117, 5988186, 5988195, 5988240).aux")
Package atveryend Info: Executing hook `AtVeryEndDocument' on input line 431.
Package atveryend Info: Executing hook `AtEndAfterFileList' on input line 431.
Package rerunfilecheck Info: File `"Project CUDA - Report (5988117, 5988186, 59
88195, 5988240)".out' has not changed.
(rerunfilecheck)             Checksum: 296B550D386976D3F2AA9A457019465B;903.
Package atveryend Info: Empty hook `AtVeryVeryEnd' on input line 431.
 ) 
Here is how much of TeX's memory you used:
 7539 strings out of 492970
 108734 string characters out of 3135851
 230924 words of memory out of 3000000
 11146 multiletter control sequences out of 15000+200000
 9831 words of font info for 35 fonts, out of 3000000 for 9000
 1141 hyphenation exceptions out of 8191
 28i,11n,43p,927b,1031s stack positions out of 5000i,500n,10000p,200000b,50000s
<C:/Program Files/MiKTeX 2.9/fonts/type1/public/amsfonts/cm/cmbx10.pfb><C:/Pr
ogram Files/MiKTeX 2.9/fonts/type1/public/amsfonts/cm/cmbx12.pfb><C:/Program Fi
les/MiKTeX 2.9/fonts/type1/public/amsfonts/cm/cmr10.pfb><C:/Program Files/MiKTe
X 2.9/fonts/type1/public/amsfonts/cm/cmr12.pfb><C:/Program Files/MiKTeX 2.9/fon
ts/type1/public/amsfonts/cm/cmr17.pfb><C:/Program Files/MiKTeX 2.9/fonts/type1/
public/amsfonts/cm/cmsl10.pfb><C:/Program Files/MiKTeX 2.9/fonts/type1/public/a
msfonts/cm/cmti10.pfb><C:/Program Files/MiKTeX 2.9/fonts/type1/public/amsfonts/
cm/cmtt10.pfb><C:/Program Files/MiKTeX 2.9/fonts/type1/public/amsfonts/cm/cmtt8
.pfb>
Output written on "Project CUDA - Report (5988117, 5988186, 5988195, 5988240).p
df" (16 pages, 3290489 bytes).
PDF statistics:
 437 PDF objects out of 1000 (max. 8388607)
 203 named destinations out of 1000 (max. 500000)
 197 words of extra memory for PDF output out of 10000 (max. 10000000)

